2025-05-19 20:15:56,352 - INFO - Initializing RAGChatbot with model google/flan-t5-small
2025-05-19 20:16:08,765 - WARNING - From C:\Users\shivani\AppData\Local\Programs\Python\Python310\lib\site-packages\tf_keras\src\losses.py:2976: The name tf.losses.sparse_softmax_cross_entropy is deprecated. Please use tf.compat.v1.losses.sparse_softmax_cross_entropy instead.

2025-05-19 20:16:09,681 - INFO - PyTorch version 2.5.1 available.
2025-05-19 20:16:09,686 - INFO - TensorFlow version 2.19.0 available.
2025-05-19 20:16:09,694 - INFO - JAX version 0.5.3 available.
2025-05-19 20:16:10,478 - INFO - Load pretrained SentenceTransformer: sentence-transformers/all-MiniLM-L6-v2
2025-05-19 20:16:16,948 - INFO - Loaded and split 4 document chunks
2025-05-19 20:16:17,190 - INFO - Loading faiss with AVX2 support.
2025-05-19 20:16:17,243 - INFO - Successfully loaded faiss with AVX2 support.
2025-05-19 20:16:17,254 - INFO - Failed to load GPU Faiss: name 'GpuIndexIVFFlat' is not defined. Will not load constructor refs for GPU indexes.
2025-05-19 20:16:23,869 - ERROR - Error setting up RAG pipeline: name 'AutoModelForSeq2SeqGeneration' is not defined
2025-05-19 20:16:23,993 - ERROR - Application error: name 'AutoModelForSeq2SeqGeneration' is not defined
2025-05-19 20:16:25,402 - WARNING - From C:\Users\shivani\AppData\Local\Programs\Python\Python310\lib\site-packages\keras\src\backend\common\global_state.py:82: The name tf.reset_default_graph is deprecated. Please use tf.compat.v1.reset_default_graph instead.

2025-05-19 20:18:14,516 - INFO - Initializing RAGChatbot with model google/flan-t5-small
2025-05-19 20:18:29,577 - WARNING - From C:\Users\shivani\AppData\Local\Programs\Python\Python310\lib\site-packages\tf_keras\src\losses.py:2976: The name tf.losses.sparse_softmax_cross_entropy is deprecated. Please use tf.compat.v1.losses.sparse_softmax_cross_entropy instead.

2025-05-19 20:18:30,444 - INFO - PyTorch version 2.5.1 available.
2025-05-19 20:18:30,454 - INFO - TensorFlow version 2.19.0 available.
2025-05-19 20:18:30,462 - INFO - JAX version 0.5.3 available.
2025-05-19 20:18:31,121 - INFO - Load pretrained SentenceTransformer: sentence-transformers/all-MiniLM-L6-v2
2025-05-19 20:18:35,159 - INFO - Loaded and split 4 document chunks
2025-05-19 20:18:35,374 - INFO - Loading faiss with AVX2 support.
2025-05-19 20:18:35,420 - INFO - Successfully loaded faiss with AVX2 support.
2025-05-19 20:18:35,435 - INFO - Failed to load GPU Faiss: name 'GpuIndexIVFFlat' is not defined. Will not load constructor refs for GPU indexes.
2025-05-19 20:18:35,986 - ERROR - Error setting up RAG pipeline: name 'AutoModelForSeq2SeqGeneration' is not defined
2025-05-19 20:18:35,994 - ERROR - Application error: name 'AutoModelForSeq2SeqGeneration' is not defined
2025-05-19 20:18:36,449 - WARNING - From C:\Users\shivani\AppData\Local\Programs\Python\Python310\lib\site-packages\keras\src\backend\common\global_state.py:82: The name tf.reset_default_graph is deprecated. Please use tf.compat.v1.reset_default_graph instead.

2025-05-19 20:20:19,284 - INFO - Initializing RAGChatbot with model google/flan-t5-small
2025-05-19 20:20:35,986 - WARNING - From C:\Users\shivani\AppData\Local\Programs\Python\Python310\lib\site-packages\tf_keras\src\losses.py:2976: The name tf.losses.sparse_softmax_cross_entropy is deprecated. Please use tf.compat.v1.losses.sparse_softmax_cross_entropy instead.

2025-05-19 20:20:36,807 - INFO - PyTorch version 2.5.1 available.
2025-05-19 20:20:36,815 - INFO - TensorFlow version 2.19.0 available.
2025-05-19 20:20:36,821 - INFO - JAX version 0.5.3 available.
2025-05-19 20:20:37,486 - INFO - Load pretrained SentenceTransformer: sentence-transformers/all-MiniLM-L6-v2
2025-05-19 20:20:43,560 - INFO - Loaded and split 4 document chunks
2025-05-19 20:20:43,855 - INFO - Loading faiss with AVX2 support.
2025-05-19 20:20:43,903 - INFO - Successfully loaded faiss with AVX2 support.
2025-05-19 20:20:43,918 - INFO - Failed to load GPU Faiss: name 'GpuIndexIVFFlat' is not defined. Will not load constructor refs for GPU indexes.
2025-05-19 20:20:44,401 - ERROR - Error setting up RAG pipeline: name 'AutoModelForSeq2SeqGeneration' is not defined
2025-05-19 20:20:44,401 - ERROR - Application error: name 'AutoModelForSeq2SeqGeneration' is not defined
2025-05-19 20:20:44,863 - WARNING - From C:\Users\shivani\AppData\Local\Programs\Python\Python310\lib\site-packages\keras\src\backend\common\global_state.py:82: The name tf.reset_default_graph is deprecated. Please use tf.compat.v1.reset_default_graph instead.

2025-05-19 20:25:53,450 - INFO - Initializing RAGChatbot with model google/flan-t5-small
2025-05-19 20:26:04,952 - WARNING - From C:\Users\shivani\AppData\Local\Programs\Python\Python310\lib\site-packages\tf_keras\src\losses.py:2976: The name tf.losses.sparse_softmax_cross_entropy is deprecated. Please use tf.compat.v1.losses.sparse_softmax_cross_entropy instead.

2025-05-19 20:26:06,211 - INFO - PyTorch version 2.5.1 available.
2025-05-19 20:26:06,219 - INFO - TensorFlow version 2.19.0 available.
2025-05-19 20:26:06,225 - INFO - JAX version 0.5.3 available.
2025-05-19 20:26:06,794 - INFO - Load pretrained SentenceTransformer: sentence-transformers/all-MiniLM-L6-v2
2025-05-19 20:26:11,666 - INFO - Loaded and split 4 document chunks
2025-05-19 20:26:11,918 - INFO - Loading faiss with AVX2 support.
2025-05-19 20:26:11,961 - INFO - Successfully loaded faiss with AVX2 support.
2025-05-19 20:26:11,974 - INFO - Failed to load GPU Faiss: name 'GpuIndexIVFFlat' is not defined. Will not load constructor refs for GPU indexes.
2025-05-19 20:26:12,459 - ERROR - Error setting up RAG pipeline: name 'AutoModelForSeq2SeqGeneration' is not defined
2025-05-19 20:26:12,462 - ERROR - Application error: name 'AutoModelForSeq2SeqGeneration' is not defined
2025-05-19 20:26:12,916 - WARNING - From C:\Users\shivani\AppData\Local\Programs\Python\Python310\lib\site-packages\keras\src\backend\common\global_state.py:82: The name tf.reset_default_graph is deprecated. Please use tf.compat.v1.reset_default_graph instead.

2025-05-19 22:51:08,945 - INFO - Initializing RAGChatbot with model google/flan-t5-small
2025-05-19 22:51:24,407 - WARNING - From C:\Users\shivani\AppData\Local\Programs\Python\Python310\lib\site-packages\tf_keras\src\losses.py:2976: The name tf.losses.sparse_softmax_cross_entropy is deprecated. Please use tf.compat.v1.losses.sparse_softmax_cross_entropy instead.

2025-05-19 22:51:25,830 - INFO - PyTorch version 2.5.1 available.
2025-05-19 22:51:25,834 - INFO - TensorFlow version 2.19.0 available.
2025-05-19 22:51:25,869 - INFO - JAX version 0.5.3 available.
2025-05-19 22:51:28,405 - INFO - Load pretrained SentenceTransformer: sentence-transformers/all-MiniLM-L6-v2
2025-05-19 22:51:34,010 - INFO - Loaded and split 4 document chunks
2025-05-19 22:51:34,265 - INFO - Loading faiss with AVX2 support.
2025-05-19 22:51:34,703 - INFO - Successfully loaded faiss with AVX2 support.
2025-05-19 22:51:34,723 - INFO - Failed to load GPU Faiss: name 'GpuIndexIVFFlat' is not defined. Will not load constructor refs for GPU indexes.
2025-05-19 22:51:35,372 - ERROR - Error setting up RAG pipeline: name 'AutoModelForSeq2SeqGeneration' is not defined
2025-05-19 22:51:35,372 - ERROR - Application error: name 'AutoModelForSeq2SeqGeneration' is not defined
2025-05-19 22:51:35,999 - WARNING - From C:\Users\shivani\AppData\Local\Programs\Python\Python310\lib\site-packages\keras\src\backend\common\global_state.py:82: The name tf.reset_default_graph is deprecated. Please use tf.compat.v1.reset_default_graph instead.

2025-05-19 22:55:30,348 - INFO - Initializing RAGChatbot with model google/flan-t5-small
2025-05-19 22:55:43,625 - WARNING - From C:\Users\shivani\AppData\Local\Programs\Python\Python310\lib\site-packages\tf_keras\src\losses.py:2976: The name tf.losses.sparse_softmax_cross_entropy is deprecated. Please use tf.compat.v1.losses.sparse_softmax_cross_entropy instead.

2025-05-19 22:55:46,160 - INFO - PyTorch version 2.5.1 available.
2025-05-19 22:55:46,160 - INFO - TensorFlow version 2.19.0 available.
2025-05-19 22:55:46,171 - INFO - JAX version 0.5.3 available.
2025-05-19 22:55:46,966 - INFO - Load pretrained SentenceTransformer: sentence-transformers/all-MiniLM-L6-v2
2025-05-19 22:55:50,898 - INFO - Loaded and split 4 document chunks
2025-05-19 22:55:51,155 - INFO - Loading faiss with AVX2 support.
2025-05-19 22:55:51,196 - INFO - Successfully loaded faiss with AVX2 support.
2025-05-19 22:55:51,202 - INFO - Failed to load GPU Faiss: name 'GpuIndexIVFFlat' is not defined. Will not load constructor refs for GPU indexes.
2025-05-19 22:59:06,575 - INFO - RAG pipeline setup completed successfully
2025-05-19 22:59:06,981 - WARNING - From C:\Users\shivani\AppData\Local\Programs\Python\Python310\lib\site-packages\keras\src\backend\common\global_state.py:82: The name tf.reset_default_graph is deprecated. Please use tf.compat.v1.reset_default_graph instead.

2025-05-19 22:59:40,641 - INFO - Successfully answered question: what is the habitat of lion...
2025-05-19 22:59:40,665 - INFO - Responses saved to chatbot_responses.txt
2025-05-19 23:03:04,640 - INFO - Initializing RAGChatbot with model google/flan-t5-small
2025-05-19 23:03:04,797 - INFO - Load pretrained SentenceTransformer: sentence-transformers/all-MiniLM-L6-v2
2025-05-19 23:03:09,181 - INFO - Loaded and split 4 document chunks
2025-05-19 23:03:13,750 - INFO - Loading faiss with AVX2 support.
2025-05-19 23:03:13,849 - INFO - Successfully loaded faiss with AVX2 support.
2025-05-19 23:03:15,702 - INFO - RAG pipeline setup completed successfully
2025-05-19 23:03:16,226 - WARNING - From C:\Users\shivani\anaconda3\Lib\site-packages\keras\src\backend\common\global_state.py:82: The name tf.reset_default_graph is deprecated. Please use tf.compat.v1.reset_default_graph instead.

2025-05-19 23:03:39,737 - INFO - Successfully answered question: tell me about tiger...
2025-05-19 23:03:39,750 - INFO - Responses saved to chatbot_responses.txt
2025-05-19 23:13:46,717 - INFO - Successfully answered question: tell me about lion...
2025-05-19 23:13:46,729 - INFO - Responses saved to chatbot_responses.txt
2025-05-19 23:17:47,610 - INFO - Initializing RAGChatbot with model google/flan-t5-small
2025-05-19 23:17:48,613 - INFO - Load pretrained SentenceTransformer: sentence-transformers/all-MiniLM-L6-v2
2025-05-19 23:17:54,268 - INFO - Loaded and split 4 document chunks
2025-05-19 23:17:58,303 - INFO - Loading faiss with AVX2 support.
2025-05-19 23:17:58,389 - INFO - Successfully loaded faiss with AVX2 support.
2025-05-19 23:18:00,525 - INFO - RAG pipeline setup completed successfully
2025-05-19 23:18:01,091 - WARNING - From C:\Users\shivani\anaconda3\Lib\site-packages\keras\src\backend\common\global_state.py:82: The name tf.reset_default_graph is deprecated. Please use tf.compat.v1.reset_default_graph instead.

2025-05-19 23:18:10,967 - INFO - Successfully answered question: tell me about lions...
2025-05-19 23:18:10,971 - INFO - Responses saved to chatbot_responses.txt
2025-05-19 23:18:20,045 - INFO - Successfully answered question: tell me about tiger...
2025-05-19 23:18:20,055 - INFO - Responses saved to chatbot_responses.txt
2025-05-19 23:20:54,688 - WARNING - From C:\Users\shivani\anaconda3\Lib\site-packages\keras\src\backend\common\global_state.py:82: The name tf.reset_default_graph is deprecated. Please use tf.compat.v1.reset_default_graph instead.

2025-05-19 23:24:25,282 - WARNING - From C:\Users\shivani\anaconda3\Lib\site-packages\keras\src\backend\common\global_state.py:82: The name tf.reset_default_graph is deprecated. Please use tf.compat.v1.reset_default_graph instead.

2025-05-19 23:27:51,508 - INFO - Initializing RAGChatbot with model google/flan-t5-small
2025-05-19 23:27:51,805 - INFO - Load pretrained SentenceTransformer: sentence-transformers/all-MiniLM-L6-v2
2025-05-19 23:27:55,444 - INFO - Loaded and split 4 document chunks
2025-05-19 23:27:59,367 - INFO - Loading faiss with AVX2 support.
2025-05-19 23:27:59,432 - INFO - Successfully loaded faiss with AVX2 support.
2025-05-19 23:28:03,209 - INFO - RAG pipeline setup completed successfully
2025-05-19 23:28:03,918 - WARNING - From C:\Users\shivani\anaconda3\Lib\site-packages\keras\src\backend\common\global_state.py:82: The name tf.reset_default_graph is deprecated. Please use tf.compat.v1.reset_default_graph instead.

2025-05-19 23:29:17,966 - INFO - Successfully answered question: tell me about tiger...
2025-05-19 23:29:17,973 - INFO - Responses saved to chatbot_responses.txt
2025-05-19 23:29:28,557 - INFO - Successfully answered question: tell me about lion...
2025-05-19 23:29:28,568 - INFO - Responses saved to chatbot_responses.txt
2025-05-20 09:04:20,372 - INFO - Load pretrained SentenceTransformer: sentence-transformers/all-MiniLM-L6-v2
2025-05-20 09:04:25,486 - INFO - Loaded and split 4 document chunks
2025-05-20 09:04:27,544 - INFO - RAG pipeline setup completed successfully
2025-05-20 09:05:12,244 - INFO - Initializing RAGChatbot with model google/flan-t5-small
2025-05-20 09:05:12,362 - INFO - Load pretrained SentenceTransformer: sentence-transformers/all-MiniLM-L6-v2
2025-05-20 09:05:15,844 - INFO - Loaded and split 4 document chunks
2025-05-20 09:05:19,250 - INFO - Loading faiss with AVX2 support.
2025-05-20 09:05:19,291 - INFO - Successfully loaded faiss with AVX2 support.
2025-05-20 09:05:21,040 - INFO - RAG pipeline setup completed successfully
2025-05-20 09:05:21,640 - WARNING - From C:\Users\shivani\anaconda3\Lib\site-packages\keras\src\backend\common\global_state.py:82: The name tf.reset_default_graph is deprecated. Please use tf.compat.v1.reset_default_graph instead.

2025-05-20 09:06:06,199 - INFO - Successfully answered question: tell me about lion...
2025-05-20 09:06:06,199 - INFO - Responses saved to chatbot_responses.txt
2025-05-20 09:09:12,015 - WARNING - From C:\Users\shivani\anaconda3\Lib\site-packages\keras\src\backend\common\global_state.py:82: The name tf.reset_default_graph is deprecated. Please use tf.compat.v1.reset_default_graph instead.

2025-05-20 09:10:40,984 - INFO - Initializing RAGChatbot with model google/flan-t5-small
2025-05-20 09:10:41,173 - INFO - Load pretrained SentenceTransformer: sentence-transformers/all-MiniLM-L6-v2
2025-05-20 09:10:45,321 - INFO - Loaded and split 4 document chunks
2025-05-20 09:10:45,701 - INFO - Loading faiss with AVX2 support.
2025-05-20 09:10:45,760 - INFO - Successfully loaded faiss with AVX2 support.
2025-05-20 09:10:47,461 - INFO - RAG pipeline setup completed successfully
2025-05-20 09:10:50,547 - WARNING - From C:\Users\shivani\anaconda3\Lib\site-packages\keras\src\backend\common\global_state.py:82: The name tf.reset_default_graph is deprecated. Please use tf.compat.v1.reset_default_graph instead.

2025-05-20 09:11:33,696 - INFO - Successfully answered question: tell me about lion...
2025-05-20 09:11:33,703 - INFO - Responses saved to chatbot_responses.txt
2025-05-20 09:11:47,128 - INFO - Successfully answered question: tell me about tiger...
2025-05-20 09:11:47,138 - INFO - Responses saved to chatbot_responses.txt
2025-05-20 09:12:04,142 - INFO - Successfully answered question: tell me about eagle...
2025-05-20 09:12:04,149 - INFO - Responses saved to chatbot_responses.txt
